init
brad_mpl_support.rp1
brad_mpl_support.ph1
wave_plot_support.clear_plot
init
9.636848072562358
0.07608619999999888
brad_mpl_support.rp1
brad_mpl_support.rp2
brad_mpl_support.rp3
brad_mpl_support.rp4
brad_mpl_support.rp5
brad_mpl_support.rp6
brad_mpl_support.ph2
wave_plot_support.clear_plot
init
2.45546485260771
0.048514799999999525
brad_mpl_support.ph1
wave_plot_support.clear_plot
init
9.636848072562358
0.0744698000000028
brad_mpl_support.ph2
wave_plot_support.clear_plot
init
2.45546485260771
0.050529500000003225
