main app
COM1 - Communications Port (COM1)
COM6 - USB Serial Port (COM6)
USB at  COM6 
baudrate=  115200
white
y= 0
y= 50
y= 100
y= 150
y= 200
y= 250
y= 300
y= 350
y= 400
y= 450
system exit
Traceback (most recent call last):
  File "G:/My Drive/SoftwareReository/EugeneScienceCenter/WeighScale/page/weigh_page2.py", line 140, in <module>
    vp_start_gui()
  File "G:/My Drive/SoftwareReository/EugeneScienceCenter/WeighScale/page/weigh_page2.py", line 29, in vp_start_gui
    weigh_page2_support.init(root, top)
  File "G:\My Drive\SoftwareReository\EugeneScienceCenter\WeighScale\page\weigh_page2_support.py", line 45, in init
    main_app()
  File "G:\My Drive\SoftwareReository\EugeneScienceCenter\WeighScale\page\weigh_page2_support.py", line 69, in main_app
    plot() #plot returns when external event occurs.
  File "G:\My Drive\SoftwareReository\EugeneScienceCenter\WeighScale\page\weigh_page2_support.py", line 134, in plot
    a.addPoint(point)
  File "G:\My Drive\SoftwareReository\EugeneScienceCenter\WeighScale\page\weigh_page2_support.py", line 347, in addPoint
    self.c.coords(self.lines[self.xpos],(self.xpos-1,self.lastpos,self.xpos,val))
  File "C:\Users\BradS\AppData\Local\Programs\Python\Python37\lib\tkinter\__init__.py", line 2469, in coords
    self.tk.call((self._w, 'coords') + args))]
_tkinter.TclError: invalid command name ".!frame.!canvas"
removed
